TN:
SF:credentials/BizwachatApi.credentials.ts
FN:3,(anonymous_0)
FNF:1
FNH:1
FNDA:1,(anonymous_0)
DA:3,1
DA:4,1
DA:5,1
DA:8,1
DA:10,1
DA:19,1
LF:6
LH:6
BRF:0
BRH:0
end_of_record
TN:
SF:nodes/Bizwachat/Bizwachat.node.ts
FN:13,(anonymous_0)
FN:480,(anonymous_1)
FN:554,(anonymous_2)
FN:637,(anonymous_3)
FN:706,(anonymous_4)
FN:788,(anonymous_5)
FN:1047,getTemplateVariables
FN:1062,parseTemplateFormat
FN:1063,(anonymous_8)
FN:1065,(anonymous_9)
FN:1083,(anonymous_10)
FN:1104,(anonymous_11)
FN:1105,(anonymous_12)
FNF:13
FNH:7
FNDA:1,(anonymous_0)
FNDA:1,(anonymous_1)
FNDA:2,(anonymous_2)
FNDA:2,(anonymous_3)
FNDA:8,(anonymous_4)
FNDA:2,(anonymous_5)
FNDA:1,getTemplateVariables
FNDA:0,parseTemplateFormat
FNDA:0,(anonymous_8)
FNDA:0,(anonymous_9)
FNDA:0,(anonymous_10)
FNDA:0,(anonymous_11)
FNDA:0,(anonymous_12)
DA:1,1
DA:13,1
DA:14,1
DA:478,1
DA:481,1
DA:483,1
DA:485,1
DA:488,1
DA:489,1
DA:497,1
DA:499,0
DA:504,0
DA:508,1
DA:511,1
DA:512,1
DA:517,0
DA:518,0
DA:523,0
DA:528,0
DA:529,0
DA:536,0
DA:544,0
DA:551,1
DA:555,2
DA:557,2
DA:559,2
DA:560,2
DA:563,2
DA:571,2
DA:573,2
DA:577,2
DA:581,0
DA:583,0
DA:584,0
DA:589,0
DA:593,0
DA:603,0
DA:604,0
DA:605,0
DA:619,0
DA:627,0
DA:634,0
DA:638,2
DA:640,2
DA:642,2
DA:643,2
DA:646,2
DA:654,2
DA:655,2
DA:660,2
DA:664,0
DA:673,0
DA:674,0
DA:675,0
DA:676,0
DA:684,0
DA:691,0
DA:698,0
DA:707,8
DA:708,8
DA:711,8
DA:712,8
DA:716,8
DA:720,8
DA:721,8
DA:729,6
DA:730,6
DA:732,6
DA:733,2
DA:736,4
DA:739,4
DA:740,1
DA:743,4
DA:747,4
DA:748,4
DA:749,4
DA:754,4
DA:756,1
DA:757,1
DA:758,1
DA:759,1
DA:761,1
DA:776,3
DA:778,1
DA:779,1
DA:780,1
DA:783,1
DA:787,1
DA:788,1
DA:789,2
DA:792,1
DA:807,2
DA:809,1
DA:810,1
DA:813,1
DA:814,1
DA:815,1
DA:818,1
DA:841,1
DA:844,1
DA:845,1
DA:846,0
DA:847,0
DA:849,0
DA:850,0
DA:851,0
DA:852,0
DA:856,0
DA:880,0
DA:883,0
DA:884,0
DA:885,0
DA:886,0
DA:888,0
DA:889,0
DA:890,0
DA:894,0
DA:917,0
DA:920,0
DA:921,0
DA:922,0
DA:923,0
DA:925,0
DA:926,0
DA:927,0
DA:931,0
DA:954,0
DA:957,0
DA:958,0
DA:959,0
DA:960,0
DA:962,0
DA:963,0
DA:967,0
DA:989,0
DA:992,0
DA:993,0
DA:994,0
DA:995,0
DA:998,1
DA:1000,1
DA:1001,1
DA:1002,1
DA:1003,1
DA:1005,1
DA:1022,0
DA:1025,3
DA:1030,1
DA:1031,0
DA:1037,0
DA:1039,1
DA:1043,3
DA:1047,1
DA:1048,1
DA:1052,1
DA:1054,1
DA:1055,0
DA:1056,0
DA:1060,0
DA:1063,0
DA:1065,0
DA:1066,0
DA:1067,0
DA:1069,0
DA:1070,0
DA:1071,0
DA:1081,0
DA:1083,0
DA:1084,0
DA:1085,0
DA:1086,0
DA:1087,0
DA:1088,0
DA:1092,0
DA:1101,0
DA:1103,0
DA:1104,0
DA:1105,0
DA:1107,0
DA:1108,0
DA:1109,0
DA:1112,0
DA:1126,0
DA:1129,1
DA:1132,0
LF:185
LH:88
BRDA:497,0,0,0
BRDA:511,1,0,1
BRDA:511,1,1,0
BRDA:517,2,0,0
BRDA:517,2,1,0
BRDA:528,3,0,0
BRDA:528,3,1,0
BRDA:571,4,0,2
BRDA:571,5,0,2
BRDA:571,5,1,2
BRDA:581,6,0,0
BRDA:581,6,1,0
BRDA:583,7,0,0
BRDA:603,8,0,0
BRDA:603,8,1,0
BRDA:606,9,0,0
BRDA:606,9,1,0
BRDA:607,10,0,0
BRDA:607,10,1,0
BRDA:607,11,0,0
BRDA:607,11,1,0
BRDA:607,12,0,0
BRDA:607,12,1,0
BRDA:610,13,0,0
BRDA:610,13,1,0
BRDA:611,14,0,0
BRDA:611,14,1,0
BRDA:654,15,0,2
BRDA:654,16,0,2
BRDA:654,16,1,2
BRDA:654,17,0,2
BRDA:654,17,1,0
BRDA:654,18,0,2
BRDA:654,18,1,2
BRDA:673,19,0,0
BRDA:673,19,1,0
BRDA:675,20,0,0
BRDA:732,21,0,2
BRDA:739,22,0,1
BRDA:739,23,0,4
BRDA:739,23,1,2
BRDA:739,23,2,1
BRDA:754,24,0,1
BRDA:754,24,1,3
BRDA:754,25,0,4
BRDA:754,25,1,1
BRDA:776,26,0,1
BRDA:776,26,1,2
BRDA:776,27,0,3
BRDA:776,27,1,2
BRDA:801,28,0,1
BRDA:801,28,1,0
BRDA:807,29,0,1
BRDA:807,29,1,1
BRDA:807,30,0,2
BRDA:807,30,1,1
BRDA:813,31,0,1
BRDA:813,31,1,0
BRDA:844,32,0,1
BRDA:844,32,1,0
BRDA:844,33,0,1
BRDA:844,33,1,1
BRDA:844,33,2,1
BRDA:846,34,0,0
BRDA:846,35,0,0
BRDA:846,35,1,0
BRDA:849,36,0,0
BRDA:849,36,1,0
BRDA:883,37,0,0
BRDA:883,37,1,0
BRDA:883,38,0,0
BRDA:883,38,1,0
BRDA:883,38,2,0
BRDA:885,39,0,0
BRDA:885,40,0,0
BRDA:885,40,1,0
BRDA:888,41,0,0
BRDA:888,41,1,0
BRDA:920,42,0,0
BRDA:920,42,1,0
BRDA:920,43,0,0
BRDA:920,43,1,0
BRDA:920,43,2,0
BRDA:922,44,0,0
BRDA:922,45,0,0
BRDA:922,45,1,0
BRDA:925,46,0,0
BRDA:925,46,1,0
BRDA:957,47,0,0
BRDA:957,47,1,0
BRDA:957,48,0,0
BRDA:957,48,1,0
BRDA:957,48,2,0
BRDA:959,49,0,0
BRDA:959,50,0,0
BRDA:959,50,1,0
BRDA:962,51,0,0
BRDA:992,52,0,0
BRDA:992,52,1,0
BRDA:992,53,0,0
BRDA:992,53,1,0
BRDA:992,53,2,0
BRDA:994,54,0,0
BRDA:994,55,0,0
BRDA:994,55,1,0
BRDA:998,56,0,1
BRDA:998,56,1,0
BRDA:998,57,0,1
BRDA:998,57,1,1
BRDA:1026,58,0,3
BRDA:1026,58,1,0
BRDA:1030,59,0,0
BRDA:1055,60,0,0
BRDA:1055,61,0,0
BRDA:1055,61,1,0
BRDA:1055,61,2,0
BRDA:1069,62,0,0
BRDA:1069,62,1,0
BRDA:1081,63,0,0
BRDA:1081,63,1,0
BRDA:1085,64,0,0
BRDA:1087,65,0,0
BRDA:1087,66,0,0
BRDA:1087,66,1,0
BRDA:1101,67,0,0
BRDA:1103,68,0,0
BRDA:1103,68,1,0
BRDA:1103,69,0,0
BRDA:1103,69,1,0
BRDA:1108,70,0,0
BRDA:1108,71,0,0
BRDA:1108,71,1,0
BRF:132
BRH:37
end_of_record
TN:
SF:tests/nodes/utils.ts
FN:6,createExecuteFunctionsMock
FN:23,(anonymous_1)
FN:27,(anonymous_2)
FN:38,(anonymous_3)
FN:45,(anonymous_4)
FN:46,(anonymous_5)
FN:63,(anonymous_6)
FN:73,(anonymous_7)
FN:77,(anonymous_8)
FNF:9
FNH:8
FNDA:8,createExecuteFunctionsMock
FNDA:33,(anonymous_1)
FNDA:8,(anonymous_2)
FNDA:8,(anonymous_3)
FNDA:8,(anonymous_4)
FNDA:19,(anonymous_5)
FNDA:8,(anonymous_6)
FNDA:5,(anonymous_7)
FNDA:0,(anonymous_8)
DA:6,1
DA:19,8
DA:20,8
DA:23,8
DA:24,33
DA:27,8
DA:28,8
DA:32,8
DA:37,8
DA:39,8
DA:40,8
DA:41,0
DA:43,8
DA:45,8
DA:53,19
DA:54,0
DA:55,0
DA:56,0
DA:60,19
DA:61,19
DA:64,8
DA:75,5
DA:77,0
DA:81,8
LF:24
LH:19
BRDA:8,0,0,0
BRDA:9,1,0,0
BRDA:10,2,0,8
BRDA:11,3,0,4
BRDA:32,4,0,0
BRDA:32,4,1,8
BRDA:40,5,0,0
BRDA:53,6,0,0
BRDA:53,7,0,19
BRDA:53,7,1,0
BRDA:53,8,0,19
BRDA:53,8,1,0
BRDA:53,9,0,19
BRDA:53,9,1,19
BRDA:55,10,0,0
BRDA:61,11,0,17
BRDA:61,11,1,2
BRDA:75,12,0,5
BRDA:75,12,1,0
BRF:19
BRH:10
end_of_record
